0 verbose cli [ '/usr/local/bin/node', '/usr/local/bin/npm', 'start' ]
1 info using npm@8.5.0
2 info using node@v16.14.2
3 timing npm:load:whichnode Completed in 0ms
4 timing config:load:defaults Completed in 1ms
5 timing config:load:file:/usr/local/lib/node_modules/npm/npmrc Completed in 1ms
6 timing config:load:builtin Completed in 1ms
7 timing config:load:cli Completed in 1ms
8 timing config:load:env Completed in 0ms
9 timing config:load:project Completed in 5ms
10 timing config:load:file:/usr/app/.npmrc Completed in 1ms
11 timing config:load:user Completed in 1ms
12 timing config:load:file:/usr/local/etc/npmrc Completed in 0ms
13 timing config:load:global Completed in 0ms
14 timing config:load:validate Completed in 0ms
15 timing config:load:credentials Completed in 1ms
16 timing config:load:setEnvs Completed in 1ms
17 timing config:load Completed in 13ms
18 timing npm:load:configload Completed in 13ms
19 timing npm:load:setTitle Completed in 0ms
20 timing config:load:flatten Completed in 2ms
21 timing npm:load:display Completed in 2ms
22 verbose logfile /usr/app/.npm/_logs/2022-04-26T20_24_02_601Z-debug-0.log
23 timing npm:load:logFile Completed in 4ms
24 timing npm:load:timers Completed in 0ms
25 timing npm:load:configScope Completed in 0ms
26 timing npm:load Completed in 19ms
27 silly logfile start cleaning logs, removing 1 files
28 timing command:run-script Completed in 25134ms
29 timing command:start Completed in 25136ms
30 verbose stack Error: command failed
30 verbose stack     at ChildProcess.<anonymous> (/usr/local/lib/node_modules/npm/node_modules/@npmcli/promise-spawn/index.js:64:27)
30 verbose stack     at ChildProcess.emit (node:events:526:28)
30 verbose stack     at maybeClose (node:internal/child_process:1092:16)
30 verbose stack     at Process.ChildProcess._handle.onexit (node:internal/child_process:302:5)
31 verbose pkgid adonis-api-app@4.1.0
32 verbose cwd /usr/app
33 verbose Linux 5.14.0-1033-oem
34 verbose argv "/usr/local/bin/node" "/usr/local/bin/npm" "start"
35 verbose node v16.14.2
36 verbose npm  v8.5.0
37 error path /usr/app
38 error command failed
39 error signal SIGTERM
40 error command sh -c node server.js
41 verbose exit 1
42 timing npm Completed in 25231ms
43 verbose code 1
44 error A complete log of this run can be found in:
44 error     /usr/app/.npm/_logs/2022-04-26T20_24_02_601Z-debug-0.log
